Internal ctest changing into directory: D:/.dima/misis2023f-23-check/misis2023f-23-00-polevoi-d-v/build.check
Test project D:/.dima/misis2023f-23-check/misis2023f-23-00-polevoi-d-v/build.check
      Start  1: doctest_bitset
Could not find executable D:/.dima/misis2023f-23-check/misis2023f-23-00-polevoi-d-v/bin.check/doctest_bitset.exe
Looked in the following places:
D:/.dima/misis2023f-23-check/misis2023f-23-00-polevoi-d-v/bin.check/doctest_bitset.exe
D:/.dima/misis2023f-23-check/misis2023f-23-00-polevoi-d-v/bin.check/doctest_bitset.exe.exe
D:/.dima/misis2023f-23-check/misis2023f-23-00-polevoi-d-v/bin.check/Release/doctest_bitset.exe
D:/.dima/misis2023f-23-check/misis2023f-23-00-polevoi-d-v/bin.check/Release/doctest_bitset.exe.exe
Release/D:/.dima/misis2023f-23-check/misis2023f-23-00-polevoi-d-v/bin.check/doctest_bitset.exe
Release/D:/.dima/misis2023f-23-check/misis2023f-23-00-polevoi-d-v/bin.check/doctest_bitset.exe.exe
 1/20 Test  #1: doctest_bitset ...................***Not Run   0.00 sec
      Start  2: doctest_bitset_m
Could not find executable D:/.dima/misis2023f-23-check/misis2023f-23-00-polevoi-d-v/bin.check/doctest_bitset_m.exe
Looked in the following places:
D:/.dima/misis2023f-23-check/misis2023f-23-00-polevoi-d-v/bin.check/doctest_bitset_m.exe
D:/.dima/misis2023f-23-check/misis2023f-23-00-polevoi-d-v/bin.check/doctest_bitset_m.exe.exe
D:/.dima/misis2023f-23-check/misis2023f-23-00-polevoi-d-v/bin.check/Release/doctest_bitset_m.exe
D:/.dima/misis2023f-23-check/misis2023f-23-00-polevoi-d-v/bin.check/Release/doctest_bitset_m.exe.exe
Release/D:/.dima/misis2023f-23-check/misis2023f-23-00-polevoi-d-v/bin.check/doctest_bitset_m.exe
Release/D:/.dima/misis2023f-23-check/misis2023f-23-00-polevoi-d-v/bin.check/doctest_bitset_m.exe.exe
 2/20 Test  #2: doctest_bitset_m .................***Not Run   0.00 sec
      Start  3: doctest_complex
Could not find executable D:/.dima/misis2023f-23-check/misis2023f-23-00-polevoi-d-v/bin.check/doctest_complex.exe
Looked in the following places:
D:/.dima/misis2023f-23-check/misis2023f-23-00-polevoi-d-v/bin.check/doctest_complex.exe
D:/.dima/misis2023f-23-check/misis2023f-23-00-polevoi-d-v/bin.check/doctest_complex.exe.exe
D:/.dima/misis2023f-23-check/misis2023f-23-00-polevoi-d-v/bin.check/Release/doctest_complex.exe
D:/.dima/misis2023f-23-check/misis2023f-23-00-polevoi-d-v/bin.check/Release/doctest_complex.exe.exe
Release/D:/.dima/misis2023f-23-check/misis2023f-23-00-polevoi-d-v/bin.check/doctest_complex.exe
Release/D:/.dima/misis2023f-23-check/misis2023f-23-00-polevoi-d-v/bin.check/doctest_complex.exe.exe
 3/20 Test  #3: doctest_complex ..................***Not Run   0.00 sec
      Start  4: doctest_complex_io
 4/20 Test  #4: doctest_complex_io ...............***Failed    0.12 sec
      Start  5: doctest_complex_m
 5/20 Test  #5: doctest_complex_m ................   Passed    0.09 sec
      Start  6: doctest_rational
 6/20 Test  #6: doctest_rational .................***Failed    0.15 sec
      Start  7: doctest_rational_io
 7/20 Test  #7: doctest_rational_io ..............***Failed    0.25 sec
      Start  8: doctest_rational_m
 8/20 Test  #8: doctest_rational_m ...............   Passed    0.15 sec
      Start  9: doctest_dynarr
 9/20 Test  #9: doctest_dynarr ...................   Passed    0.20 sec
      Start 10: doctest_dynarr_m
10/20 Test #10: doctest_dynarr_m .................   Passed    0.18 sec
      Start 11: doctest_queuearr
11/20 Test #11: doctest_queuearr .................   Passed    0.14 sec
      Start 12: doctest_queuearr_m
12/20 Test #12: doctest_queuearr_m ...............   Passed    0.13 sec
      Start 13: doctest_queuelst
13/20 Test #13: doctest_queuelst .................   Passed    0.17 sec
      Start 14: doctest_queuelst_m
14/20 Test #14: doctest_queuelst_m ...............   Passed    0.14 sec
      Start 15: doctest_queuelstpr
15/20 Test #15: doctest_queuelstpr ...............Exit code 0xc0000374
***Exception:   0.30 sec
      Start 16: doctest_queuelstpr_m
16/20 Test #16: doctest_queuelstpr_m .............***Failed    0.07 sec
      Start 17: doctest_stackarr
17/20 Test #17: doctest_stackarr .................   Passed    0.17 sec
      Start 18: doctest_stackarr_m
18/20 Test #18: doctest_stackarr_m ...............   Passed    0.14 sec
      Start 19: doctest_stacklst
19/20 Test #19: doctest_stacklst .................   Passed    0.03 sec
      Start 20: doctest_stacklst_m
20/20 Test #20: doctest_stacklst_m ...............   Passed    0.14 sec

60% tests passed, 8 tests failed out of 20

Total Test time (real) =   2.61 sec

The following tests FAILED:
	  1 - doctest_bitset (Not Run)
	  2 - doctest_bitset_m (Not Run)
	  3 - doctest_complex (Not Run)
	  4 - doctest_complex_io (Failed)
	  6 - doctest_rational (Failed)
	  7 - doctest_rational_io (Failed)
	 15 - doctest_queuelstpr (Exit code 0xc0000374
)
	 16 - doctest_queuelstpr_m (Failed)
